<?xml version="1.0" encoding="UTF-8"?>
<testsuite name="javaEEScaffold.ResourceTest" tests="1" skipped="0" failures="1" errors="0" timestamp="2017-08-17T03:05:25" hostname="xilong-OptiPlex-7010" time="0.928">
  <properties/>
  <testcase name="testSave" classname="javaEEScaffold.ResourceTest" time="0.928">
    <failure message="org.springframework.beans.factory.BeanCreationException: Error creating bean with name 'shiroFilter' defined in class path resource [spring-shiro-web.xml]: Cannot resolve reference to bean 'securityManager' while setting bean property 'securityManager'; nested exception is org.springframework.beans.factory.BeanCreationException: Error creating bean with name 'securityManager' defined in class path resource [spring-shiro-web.xml]: Cannot resolve reference to bean 'userRealm' while setting bean property 'realm'; nested exception is org.springframework.beans.factory.BeanCreationException: Error creating bean with name 'userRealm' defined in class path resource [spring-shiro-web.xml]: Cannot resolve reference to bean 'userService' while setting bean property 'userService'; nested exception is org.springframework.beans.factory.UnsatisfiedDependencyException: Error creating bean with name 'userService': Unsatisfied dependency expressed through field 'baseRepository'; nested exception is org.springframework.beans.factory.BeanCreationException: Error creating bean with name 'resourceRepository': Could not resolve matching constructor (hint: specify index/type/name arguments for simple parameters to avoid type ambiguities)" type="org.springframework.beans.factory.BeanCreationException">org.springframework.beans.factory.BeanCreationException: Error creating bean with name 'shiroFilter' defined in class path resource [spring-shiro-web.xml]: Cannot resolve reference to bean 'securityManager' while setting bean property 'securityManager'; nested exception is org.springframework.beans.factory.BeanCreationException: Error creating bean with name 'securityManager' defined in class path resource [spring-shiro-web.xml]: Cannot resolve reference to bean 'userRealm' while setting bean property 'realm'; nested exception is org.springframework.beans.factory.BeanCreationException: Error creating bean with name 'userRealm' defined in class path resource [spring-shiro-web.xml]: Cannot resolve reference to bean 'userService' while setting bean property 'userService'; nested exception is org.springframework.beans.factory.UnsatisfiedDependencyException: Error creating bean with name 'userService': Unsatisfied dependency expressed through field 'baseRepository'; nested exception is org.springframework.beans.factory.BeanCreationException: Error creating bean with name 'resourceRepository': Could not resolve matching constructor (hint: specify index/type/name arguments for simple parameters to avoid type ambiguities)
	at org.springframework.beans.factory.support.BeanDefinitionValueResolver.resolveReference(BeanDefinitionValueResolver.java:359)
	at org.springframework.beans.factory.support.BeanDefinitionValueResolver.resolveValueIfNecessary(BeanDefinitionValueResolver.java:108)
	at org.springframework.beans.factory.support.AbstractAutowireCapableBeanFactory.applyPropertyValues(AbstractAutowireCapableBeanFactory.java:1531)
	at org.springframework.beans.factory.support.AbstractAutowireCapableBeanFactory.populateBean(AbstractAutowireCapableBeanFactory.java:1276)
	at org.springframework.beans.factory.support.AbstractAutowireCapableBeanFactory.doCreateBean(AbstractAutowireCapableBeanFactory.java:553)
	at org.springframework.beans.factory.support.AbstractAutowireCapableBeanFactory.createBean(AbstractAutowireCapableBeanFactory.java:483)
	at org.springframework.beans.factory.support.AbstractBeanFactory$1.getObject(AbstractBeanFactory.java:306)
	at org.springframework.beans.factory.support.DefaultSingletonBeanRegistry.getSingleton(DefaultSingletonBeanRegistry.java:230)
	at org.springframework.beans.factory.support.AbstractBeanFactory.doGetBean(AbstractBeanFactory.java:302)
	at org.springframework.beans.factory.support.AbstractBeanFactory.getBean(AbstractBeanFactory.java:202)
	at org.springframework.context.support.PostProcessorRegistrationDelegate.registerBeanPostProcessors(PostProcessorRegistrationDelegate.java:235)
	at org.springframework.context.support.AbstractApplicationContext.registerBeanPostProcessors(AbstractApplicationContext.java:703)
	at org.springframework.context.support.AbstractApplicationContext.refresh(AbstractApplicationContext.java:528)
	at org.springframework.context.support.ClassPathXmlApplicationContext.&lt;init&gt;(ClassPathXmlApplicationContext.java:139)
	at org.springframework.context.support.ClassPathXmlApplicationContext.&lt;init&gt;(ClassPathXmlApplicationContext.java:83)
	at javaEEScaffold.ResourceTest.setUp(ResourceTest.java:20)
	at sun.reflect.NativeMethodAccessorImpl.invoke0(Native Method)
	at sun.reflect.NativeMethodAccessorImpl.invoke(NativeMethodAccessorImpl.java:62)
	at sun.reflect.DelegatingMethodAccessorImpl.invoke(DelegatingMethodAccessorImpl.java:43)
	at java.lang.reflect.Method.invoke(Method.java:498)
	at org.junit.runners.model.FrameworkMethod$1.runReflectiveCall(FrameworkMethod.java:50)
	at org.junit.internal.runners.model.ReflectiveCallable.run(ReflectiveCallable.java:12)
	at org.junit.runners.model.FrameworkMethod.invokeExplosively(FrameworkMethod.java:47)
	at org.junit.internal.runners.statements.RunBefores.evaluate(RunBefores.java:24)
	at org.junit.internal.runners.statements.RunAfters.evaluate(RunAfters.java:27)
	at org.junit.runners.ParentRunner.runLeaf(ParentRunner.java:325)
	at org.junit.runners.BlockJUnit4ClassRunner.runChild(BlockJUnit4ClassRunner.java:78)
	at org.junit.runners.BlockJUnit4ClassRunner.runChild(BlockJUnit4ClassRunner.java:57)
	at org.junit.runners.ParentRunner$3.run(ParentRunner.java:290)
	at org.junit.runners.ParentRunner$1.schedule(ParentRunner.java:71)
	at org.junit.runners.ParentRunner.runChildren(ParentRunner.java:288)
	at org.junit.runners.ParentRunner.access$000(ParentRunner.java:58)
	at org.junit.runners.ParentRunner$2.evaluate(ParentRunner.java:268)
	at org.junit.runners.ParentRunner.run(ParentRunner.java:363)
	at org.gradle.api.internal.tasks.testing.junit.JUnitTestClassExecuter.runTestClass(JUnitTestClassExecuter.java:114)
	at org.gradle.api.internal.tasks.testing.junit.JUnitTestClassExecuter.execute(JUnitTestClassExecuter.java:57)
	at org.gradle.api.internal.tasks.testing.junit.JUnitTestClassProcessor.processTestClass(JUnitTestClassProcessor.java:66)
	at org.gradle.api.internal.tasks.testing.SuiteTestClassProcessor.processTestClass(SuiteTestClassProcessor.java:51)
	at sun.reflect.NativeMethodAccessorImpl.invoke0(Native Method)
	at sun.reflect.NativeMethodAccessorImpl.invoke(NativeMethodAccessorImpl.java:62)
	at sun.reflect.DelegatingMethodAccessorImpl.invoke(DelegatingMethodAccessorImpl.java:43)
	at java.lang.reflect.Method.invoke(Method.java:498)
	at org.gradle.internal.dispatch.ReflectionDispatch.dispatch(ReflectionDispatch.java:35)
	at org.gradle.internal.dispatch.ReflectionDispatch.dispatch(ReflectionDispatch.java:24)
	at org.gradle.internal.dispatch.ContextClassLoaderDispatch.dispatch(ContextClassLoaderDispatch.java:32)
	at org.gradle.internal.dispatch.ProxyDispatchAdapter$DispatchingInvocationHandler.invoke(ProxyDispatchAdapter.java:93)
	at com.sun.proxy.$Proxy2.processTestClass(Unknown Source)
	at org.gradle.api.internal.tasks.testing.worker.TestWorker.processTestClass(TestWorker.java:109)
	at sun.reflect.NativeMethodAccessorImpl.invoke0(Native Method)
	at sun.reflect.NativeMethodAccessorImpl.invoke(NativeMethodAccessorImpl.java:62)
	at sun.reflect.DelegatingMethodAccessorImpl.invoke(DelegatingMethodAccessorImpl.java:43)
	at java.lang.reflect.Method.invoke(Method.java:498)
	at org.gradle.internal.dispatch.ReflectionDispatch.dispatch(ReflectionDispatch.java:35)
	at org.gradle.internal.dispatch.ReflectionDispatch.dispatch(ReflectionDispatch.java:24)
	at org.gradle.internal.remote.internal.hub.MessageHubBackedObjectConnection$DispatchWrapper.dispatch(MessageHubBackedObjectConnection.java:147)
	at org.gradle.internal.remote.internal.hub.MessageHubBackedObjectConnection$DispatchWrapper.dispatch(MessageHubBackedObjectConnection.java:129)
	at org.gradle.internal.remote.internal.hub.MessageHub$Handler.run(MessageHub.java:404)
	at org.gradle.internal.concurrent.ExecutorPolicy$CatchAndRecordFailures.onExecute(ExecutorPolicy.java:63)
	at org.gradle.internal.concurrent.StoppableExecutorImpl$1.run(StoppableExecutorImpl.java:46)
	at java.util.concurrent.ThreadPoolExecutor.runWorker(ThreadPoolExecutor.java:1142)
	at java.util.concurrent.ThreadPoolExecutor$Worker.run(ThreadPoolExecutor.java:617)
	at java.lang.Thread.run(Thread.java:748)
Caused by: org.springframework.beans.factory.BeanCreationException: Error creating bean with name 'securityManager' defined in class path resource [spring-shiro-web.xml]: Cannot resolve reference to bean 'userRealm' while setting bean property 'realm'; nested exception is org.springframework.beans.factory.BeanCreationException: Error creating bean with name 'userRealm' defined in class path resource [spring-shiro-web.xml]: Cannot resolve reference to bean 'userService' while setting bean property 'userService'; nested exception is org.springframework.beans.factory.UnsatisfiedDependencyException: Error creating bean with name 'userService': Unsatisfied dependency expressed through field 'baseRepository'; nested exception is org.springframework.beans.factory.BeanCreationException: Error creating bean with name 'resourceRepository': Could not resolve matching constructor (hint: specify index/type/name arguments for simple parameters to avoid type ambiguities)
	at org.springframework.beans.factory.support.BeanDefinitionValueResolver.resolveReference(BeanDefinitionValueResolver.java:359)
	at org.springframework.beans.factory.support.BeanDefinitionValueResolver.resolveValueIfNecessary(BeanDefinitionValueResolver.java:108)
	at org.springframework.beans.factory.support.AbstractAutowireCapableBeanFactory.applyPropertyValues(AbstractAutowireCapableBeanFactory.java:1531)
	at org.springframework.beans.factory.support.AbstractAutowireCapableBeanFactory.populateBean(AbstractAutowireCapableBeanFactory.java:1276)
	at org.springframework.beans.factory.support.AbstractAutowireCapableBeanFactory.doCreateBean(AbstractAutowireCapableBeanFactory.java:553)
	at org.springframework.beans.factory.support.AbstractAutowireCapableBeanFactory.createBean(AbstractAutowireCapableBeanFactory.java:483)
	at org.springframework.beans.factory.support.AbstractBeanFactory$1.getObject(AbstractBeanFactory.java:306)
	at org.springframework.beans.factory.support.DefaultSingletonBeanRegistry.getSingleton(DefaultSingletonBeanRegistry.java:230)
	at org.springframework.beans.factory.support.AbstractBeanFactory.doGetBean(AbstractBeanFactory.java:302)
	at org.springframework.beans.factory.support.AbstractBeanFactory.getBean(AbstractBeanFactory.java:197)
	at org.springframework.beans.factory.support.BeanDefinitionValueResolver.resolveReference(BeanDefinitionValueResolver.java:351)
	... 61 more
Caused by: org.springframework.beans.factory.BeanCreationException: Error creating bean with name 'userRealm' defined in class path resource [spring-shiro-web.xml]: Cannot resolve reference to bean 'userService' while setting bean property 'userService'; nested exception is org.springframework.beans.factory.UnsatisfiedDependencyException: Error creating bean with name 'userService': Unsatisfied dependency expressed through field 'baseRepository'; nested exception is org.springframework.beans.factory.BeanCreationException: Error creating bean with name 'resourceRepository': Could not resolve matching constructor (hint: specify index/type/name arguments for simple parameters to avoid type ambiguities)
	at org.springframework.beans.factory.support.BeanDefinitionValueResolver.resolveReference(BeanDefinitionValueResolver.java:359)
	at org.springframework.beans.factory.support.BeanDefinitionValueResolver.resolveValueIfNecessary(BeanDefinitionValueResolver.java:108)
	at org.springframework.beans.factory.support.AbstractAutowireCapableBeanFactory.applyPropertyValues(AbstractAutowireCapableBeanFactory.java:1531)
	at org.springframework.beans.factory.support.AbstractAutowireCapableBeanFactory.populateBean(AbstractAutowireCapableBeanFactory.java:1276)
	at org.springframework.beans.factory.support.AbstractAutowireCapableBeanFactory.doCreateBean(AbstractAutowireCapableBeanFactory.java:553)
	at org.springframework.beans.factory.support.AbstractAutowireCapableBeanFactory.createBean(AbstractAutowireCapableBeanFactory.java:483)
	at org.springframework.beans.factory.support.AbstractBeanFactory$1.getObject(AbstractBeanFactory.java:306)
	at org.springframework.beans.factory.support.DefaultSingletonBeanRegistry.getSingleton(DefaultSingletonBeanRegistry.java:230)
	at org.springframework.beans.factory.support.AbstractBeanFactory.doGetBean(AbstractBeanFactory.java:302)
	at org.springframework.beans.factory.support.AbstractBeanFactory.getBean(AbstractBeanFactory.java:197)
	at org.springframework.beans.factory.support.BeanDefinitionValueResolver.resolveReference(BeanDefinitionValueResolver.java:351)
	... 71 more
Caused by: org.springframework.beans.factory.UnsatisfiedDependencyException: Error creating bean with name 'userService': Unsatisfied dependency expressed through field 'baseRepository'; nested exception is org.springframework.beans.factory.BeanCreationException: Error creating bean with name 'resourceRepository': Could not resolve matching constructor (hint: specify index/type/name arguments for simple parameters to avoid type ambiguities)
	at org.springframework.beans.factory.annotation.AutowiredAnnotationBeanPostProcessor$AutowiredFieldElement.inject(AutowiredAnnotationBeanPostProcessor.java:588)
	at org.springframework.beans.factory.annotation.InjectionMetadata.inject(InjectionMetadata.java:88)
	at org.springframework.beans.factory.annotation.AutowiredAnnotationBeanPostProcessor.postProcessPropertyValues(AutowiredAnnotationBeanPostProcessor.java:366)
	at org.springframework.beans.factory.support.AbstractAutowireCapableBeanFactory.populateBean(AbstractAutowireCapableBeanFactory.java:1264)
	at org.springframework.beans.factory.support.AbstractAutowireCapableBeanFactory.doCreateBean(AbstractAutowireCapableBeanFactory.java:553)
	at org.springframework.beans.factory.support.AbstractAutowireCapableBeanFactory.createBean(AbstractAutowireCapableBeanFactory.java:483)
	at org.springframework.beans.factory.support.AbstractBeanFactory$1.getObject(AbstractBeanFactory.java:306)
	at org.springframework.beans.factory.support.DefaultSingletonBeanRegistry.getSingleton(DefaultSingletonBeanRegistry.java:230)
	at org.springframework.beans.factory.support.AbstractBeanFactory.doGetBean(AbstractBeanFactory.java:302)
	at org.springframework.beans.factory.support.AbstractBeanFactory.getBean(AbstractBeanFactory.java:197)
	at org.springframework.beans.factory.support.BeanDefinitionValueResolver.resolveReference(BeanDefinitionValueResolver.java:351)
	... 81 more
Caused by: org.springframework.beans.factory.BeanCreationException: Error creating bean with name 'resourceRepository': Could not resolve matching constructor (hint: specify index/type/name arguments for simple parameters to avoid type ambiguities)
	at org.springframework.beans.factory.support.ConstructorResolver.autowireConstructor(ConstructorResolver.java:240)
	at org.springframework.beans.factory.support.AbstractAutowireCapableBeanFactory.autowireConstructor(AbstractAutowireCapableBeanFactory.java:1193)
	at org.springframework.beans.factory.support.AbstractAutowireCapableBeanFactory.createBeanInstance(AbstractAutowireCapableBeanFactory.java:1095)
	at org.springframework.beans.factory.support.AbstractAutowireCapableBeanFactory.getSingletonFactoryBeanForTypeCheck(AbstractAutowireCapableBeanFactory.java:923)
	at org.springframework.beans.factory.support.AbstractAutowireCapableBeanFactory.getTypeForFactoryBean(AbstractAutowireCapableBeanFactory.java:804)
	at org.springframework.beans.factory.support.AbstractBeanFactory.isTypeMatch(AbstractBeanFactory.java:558)
	at org.springframework.beans.factory.support.DefaultListableBeanFactory.doGetBeanNamesForType(DefaultListableBeanFactory.java:432)
	at org.springframework.beans.factory.support.DefaultListableBeanFactory.getBeanNamesForType(DefaultListableBeanFactory.java:395)
	at org.springframework.beans.factory.BeanFactoryUtils.beanNamesForTypeIncludingAncestors(BeanFactoryUtils.java:220)
	at org.springframework.beans.factory.support.DefaultListableBeanFactory.findAutowireCandidates(DefaultListableBeanFactory.java:1267)
	at org.springframework.beans.factory.support.DefaultListableBeanFactory.doResolveDependency(DefaultListableBeanFactory.java:1101)
	at org.springframework.beans.factory.support.DefaultListableBeanFactory.resolveDependency(DefaultListableBeanFactory.java:1066)
	at org.springframework.beans.factory.annotation.AutowiredAnnotationBeanPostProcessor$AutowiredFieldElement.inject(AutowiredAnnotationBeanPostProcessor.java:585)
	... 91 more
</failure>
    <failure message="java.lang.NullPointerException" type="java.lang.NullPointerException">java.lang.NullPointerException
	at javaEEScaffold.ResourceTest.tearDown(ResourceTest.java:26)
	at sun.reflect.NativeMethodAccessorImpl.invoke0(Native Method)
	at sun.reflect.NativeMethodAccessorImpl.invoke(NativeMethodAccessorImpl.java:62)
	at sun.reflect.DelegatingMethodAccessorImpl.invoke(DelegatingMethodAccessorImpl.java:43)
	at java.lang.reflect.Method.invoke(Method.java:498)
	at org.junit.runners.model.FrameworkMethod$1.runReflectiveCall(FrameworkMethod.java:50)
	at org.junit.internal.runners.model.ReflectiveCallable.run(ReflectiveCallable.java:12)
	at org.junit.runners.model.FrameworkMethod.invokeExplosively(FrameworkMethod.java:47)
	at org.junit.internal.runners.statements.RunAfters.evaluate(RunAfters.java:33)
	at org.junit.runners.ParentRunner.runLeaf(ParentRunner.java:325)
	at org.junit.runners.BlockJUnit4ClassRunner.runChild(BlockJUnit4ClassRunner.java:78)
	at org.junit.runners.BlockJUnit4ClassRunner.runChild(BlockJUnit4ClassRunner.java:57)
	at org.junit.runners.ParentRunner$3.run(ParentRunner.java:290)
	at org.junit.runners.ParentRunner$1.schedule(ParentRunner.java:71)
	at org.junit.runners.ParentRunner.runChildren(ParentRunner.java:288)
	at org.junit.runners.ParentRunner.access$000(ParentRunner.java:58)
	at org.junit.runners.ParentRunner$2.evaluate(ParentRunner.java:268)
	at org.junit.runners.ParentRunner.run(ParentRunner.java:363)
	at org.gradle.api.internal.tasks.testing.junit.JUnitTestClassExecuter.runTestClass(JUnitTestClassExecuter.java:114)
	at org.gradle.api.internal.tasks.testing.junit.JUnitTestClassExecuter.execute(JUnitTestClassExecuter.java:57)
	at org.gradle.api.internal.tasks.testing.junit.JUnitTestClassProcessor.processTestClass(JUnitTestClassProcessor.java:66)
	at org.gradle.api.internal.tasks.testing.SuiteTestClassProcessor.processTestClass(SuiteTestClassProcessor.java:51)
	at sun.reflect.NativeMethodAccessorImpl.invoke0(Native Method)
	at sun.reflect.NativeMethodAccessorImpl.invoke(NativeMethodAccessorImpl.java:62)
	at sun.reflect.DelegatingMethodAccessorImpl.invoke(DelegatingMethodAccessorImpl.java:43)
	at java.lang.reflect.Method.invoke(Method.java:498)
	at org.gradle.internal.dispatch.ReflectionDispatch.dispatch(ReflectionDispatch.java:35)
	at org.gradle.internal.dispatch.ReflectionDispatch.dispatch(ReflectionDispatch.java:24)
	at org.gradle.internal.dispatch.ContextClassLoaderDispatch.dispatch(ContextClassLoaderDispatch.java:32)
	at org.gradle.internal.dispatch.ProxyDispatchAdapter$DispatchingInvocationHandler.invoke(ProxyDispatchAdapter.java:93)
	at com.sun.proxy.$Proxy2.processTestClass(Unknown Source)
	at org.gradle.api.internal.tasks.testing.worker.TestWorker.processTestClass(TestWorker.java:109)
	at sun.reflect.NativeMethodAccessorImpl.invoke0(Native Method)
	at sun.reflect.NativeMethodAccessorImpl.invoke(NativeMethodAccessorImpl.java:62)
	at sun.reflect.DelegatingMethodAccessorImpl.invoke(DelegatingMethodAccessorImpl.java:43)
	at java.lang.reflect.Method.invoke(Method.java:498)
	at org.gradle.internal.dispatch.ReflectionDispatch.dispatch(ReflectionDispatch.java:35)
	at org.gradle.internal.dispatch.ReflectionDispatch.dispatch(ReflectionDispatch.java:24)
	at org.gradle.internal.remote.internal.hub.MessageHubBackedObjectConnection$DispatchWrapper.dispatch(MessageHubBackedObjectConnection.java:147)
	at org.gradle.internal.remote.internal.hub.MessageHubBackedObjectConnection$DispatchWrapper.dispatch(MessageHubBackedObjectConnection.java:129)
	at org.gradle.internal.remote.internal.hub.MessageHub$Handler.run(MessageHub.java:404)
	at org.gradle.internal.concurrent.ExecutorPolicy$CatchAndRecordFailures.onExecute(ExecutorPolicy.java:63)
	at org.gradle.internal.concurrent.StoppableExecutorImpl$1.run(StoppableExecutorImpl.java:46)
	at java.util.concurrent.ThreadPoolExecutor.runWorker(ThreadPoolExecutor.java:1142)
	at java.util.concurrent.ThreadPoolExecutor$Worker.run(ThreadPoolExecutor.java:617)
	at java.lang.Thread.run(Thread.java:748)
</failure>
  </testcase>
  <system-out><![CDATA[11:05:25,807 DEBUG StandardEnvironment:109 - Adding [systemProperties] PropertySource with lowest search precedence
11:05:25,810 DEBUG StandardEnvironment:109 - Adding [systemEnvironment] PropertySource with lowest search precedence
11:05:25,811 DEBUG StandardEnvironment:124 - Initialized StandardEnvironment with PropertySources [systemProperties,systemEnvironment]
11:05:25,814  INFO ClassPathXmlApplicationContext:583 - Refreshing org.springframework.context.support.ClassPathXmlApplicationContext@40bfc314: startup date [Thu Aug 17 11:05:25 CST 2017]; root of context hierarchy
11:05:25,841 DEBUG StandardEnvironment:109 - Adding [systemProperties] PropertySource with lowest search precedence
11:05:25,841 DEBUG StandardEnvironment:109 - Adding [systemEnvironment] PropertySource with lowest search precedence
11:05:25,842 DEBUG StandardEnvironment:124 - Initialized StandardEnvironment with PropertySources [systemProperties,systemEnvironment]
11:05:25,848  INFO XmlBeanDefinitionReader:317 - Loading XML bean definitions from class path resource [applicationContext.xml]
11:05:25,860 DEBUG DefaultDocumentLoader:73 - Using JAXP provider [com.sun.org.apache.xerces.internal.jaxp.DocumentBuilderFactoryImpl]
11:05:25,978 DEBUG PluggableSchemaResolver:141 - Loading schema mappings from [META-INF/spring.schemas]
11:05:25,984 DEBUG PluggableSchemaResolver:147 - Loaded schema mappings: {http://www.springframework.org/schema/tx/spring-tx-4.3.xsd=org/springframework/transaction/config/spring-tx-4.3.xsd, http://www.springframework.org/schema/tx/spring-tx-2.5.xsd=org/springframework/transaction/config/spring-tx-2.5.xsd, http://www.springframework.org/schema/cache/spring-cache-4.2.xsd=org/springframework/cache/config/spring-cache-4.2.xsd, http://www.springframework.org/schema/aop/spring-aop-4.1.xsd=org/springframework/aop/config/spring-aop-4.1.xsd, http://www.springframework.org/schema/context/spring-context-3.1.xsd=org/springframework/context/config/spring-context-3.1.xsd, http://www.springframework.org/schema/data/repository/spring-repository-1.4.xsd=org/springframework/data/repository/config/spring-repository-1.4.xsd, http://www.springframework.org/schema/util/spring-util-3.0.xsd=org/springframework/beans/factory/xml/spring-util-3.0.xsd, http://www.springframework.org/schema/mvc/spring-mvc-4.1.xsd=org/springframework/web/servlet/config/spring-mvc-4.1.xsd, http://www.springframework.org/schema/data/jpa/spring-jpa.xsd=org/springframework/data/jpa/repository/config/spring-jpa-1.8.xsd, http://www.springframework.org/schema/aop/spring-aop-3.2.xsd=org/springframework/aop/config/spring-aop-3.2.xsd, http://www.springframework.org/schema/tool/spring-tool.xsd=org/springframework/beans/factory/xml/spring-tool-4.3.xsd, http://www.springframework.org/schema/lang/spring-lang-4.1.xsd=org/springframework/scripting/config/spring-lang-4.1.xsd, http://www.springframework.org/schema/redis/spring-redis.xsd=org/springframework/data/redis/config/spring-redis-1.0.xsd, http://www.springframework.org/schema/context/spring-context-4.0.xsd=org/springframework/context/config/spring-context-4.0.xsd, http://www.springframework.org/schema/mvc/spring-mvc-3.2.xsd=org/springframework/web/servlet/config/spring-mvc-3.2.xsd, http://www.springframework.org/schema/beans/spring-beans-4.2.xsd=org/springframework/beans/factory/xml/spring-beans-4.2.xsd, http://www.springframework.org/schema/oxm/spring-oxm-3.0.xsd=org/springframework/oxm/config/spring-oxm-3.0.xsd, http://www.springframework.org/schema/tool/spring-tool-4.1.xsd=org/springframework/beans/factory/xml/spring-tool-4.1.xsd, http://www.springframework.org/schema/lang/spring-lang-3.2.xsd=org/springframework/scripting/config/spring-lang-3.2.xsd, http://www.springframework.org/schema/cache/spring-cache-3.2.xsd=org/springframework/cache/config/spring-cache-3.2.xsd, http://www.springframework.org/schema/jee/spring-jee-4.1.xsd=org/springframework/ejb/config/spring-jee-4.1.xsd, http://www.springframework.org/schema/jdbc/spring-jdbc-3.1.xsd=org/springframework/jdbc/config/spring-jdbc-3.1.xsd, http://www.springframework.org/schema/task/spring-task-4.2.xsd=org/springframework/scheduling/config/spring-task-4.2.xsd, http://www.springframework.org/schema/util/spring-util-2.0.xsd=org/springframework/beans/factory/xml/spring-util-2.0.xsd, http://www.springframework.org/schema/tool/spring-tool-3.2.xsd=org/springframework/beans/factory/xml/spring-tool-3.2.xsd, http://www.springframework.org/schema/context/spring-context.xsd=org/springframework/context/config/spring-context-4.3.xsd, http://www.springframework.org/schema/tx/spring-tx-4.2.xsd=org/springframework/transaction/config/spring-tx-4.2.xsd, http://www.springframework.org/schema/cache/spring-cache-4.1.xsd=org/springframework/cache/config/spring-cache-4.1.xsd, http://www.springframework.org/schema/aop/spring-aop-4.0.xsd=org/springframework/aop/config/spring-aop-4.0.xsd, http://www.springframework.org/schema/jee/spring-jee-3.2.xsd=org/springframework/ejb/config/spring-jee-3.2.xsd, http://www.springframework.org/schema/context/spring-context-3.0.xsd=org/springframework/context/config/spring-context-3.0.xsd, http://www.springframework.org/schema/jdbc/spring-jdbc-4.0.xsd=org/springframework/jdbc/config/spring-jdbc-4.0.xsd, http://www.springframework.org/schema/util/spring-util-2.5.xsd=org/springframework/beans/factory/xml/spring-util-2.5.xsd, http://www.springframework.org/schema/mvc/spring-mvc-4.0.xsd=org/springframework/web/servlet/config/spring-mvc-4.0.xsd, http://www.springframework.org/schema/util/spring-util-4.3.xsd=org/springframework/beans/factory/xml/spring-util-4.3.xsd, http://www.springframework.org/schema/beans/spring-beans-3.2.xsd=org/springframework/beans/factory/xml/spring-beans-3.2.xsd, http://www.springframework.org/schema/aop/spring-aop-3.1.xsd=org/springframework/aop/config/spring-aop-3.1.xsd, http://www.springframework.org/schema/lang/spring-lang-4.0.xsd=org/springframework/scripting/config/spring-lang-4.0.xsd, http://www.springframework.org/schema/data/repository/spring-repository-1.8.xsd=org/springframework/data/repository/config/spring-repository-1.8.xsd, http://www.springframework.org/schema/mvc/spring-mvc.xsd=org/springframework/web/servlet/config/spring-mvc-4.2.xsd, http://www.springframework.org/schema/mvc/spring-mvc-3.1.xsd=org/springframework/web/servlet/config/spring-mvc-3.1.xsd, http://www.springframework.org/schema/beans/spring-beans-4.1.xsd=org/springframework/beans/factory/xml/spring-beans-4.1.xsd, http://www.springframework.org/schema/oxm/spring-oxm-4.3.xsd=org/springframework/oxm/config/spring-oxm-4.3.xsd, http://www.springframework.org/schema/redis/spring-redis-1.0.xsd=org/springframework/data/redis/config/spring-redis-1.0.xsd, http://www.springframework.org/schema/tool/spring-tool-4.0.xsd=org/springframework/beans/factory/xml/spring-tool-4.0.xsd, http://www.springframework.org/schema/tx/spring-tx-3.2.xsd=org/springframework/transaction/config/spring-tx-3.2.xsd, http://www.springframework.org/schema/lang/spring-lang-3.1.xsd=org/springframework/scripting/config/spring-lang-3.1.xsd, http://www.springframework.org/schema/cache/spring-cache-3.1.xsd=org/springframework/cache/config/spring-cache-3.1.xsd, http://www.springframework.org/schema/jee/spring-jee-4.0.xsd=org/springframework/ejb/config/spring-jee-4.0.xsd, http://www.springframework.org/schema/jdbc/spring-jdbc-3.0.xsd=org/springframework/jdbc/config/spring-jdbc-3.0.xsd, http://www.springframework.org/schema/task/spring-task-4.1.xsd=org/springframework/scheduling/config/spring-task-4.1.xsd, http://www.springframework.org/schema/jdbc/spring-jdbc.xsd=org/springframework/jdbc/config/spring-jdbc-4.0.xsd, http://www.springframework.org/schema/tool/spring-tool-3.1.xsd=org/springframework/beans/factory/xml/spring-tool-3.1.xsd, http://www.springframework.org/schema/tx/spring-tx-4.1.xsd=org/springframework/transaction/config/spring-tx-4.1.xsd, http://www.springframework.org/schema/cache/spring-cache-4.0.xsd=org/springframework/cache/config/spring-cache-4.0.xsd, http://www.springframework.org/schema/jee/spring-jee-3.1.xsd=org/springframework/ejb/config/spring-jee-3.1.xsd, http://www.springframework.org/schema/task/spring-task-3.2.xsd=org/springframework/scheduling/config/spring-task-3.2.xsd, http://www.springframework.org/schema/util/spring-util-4.2.xsd=org/springframework/beans/factory/xml/spring-util-4.2.xsd, http://www.springframework.org/schema/beans/spring-beans-3.1.xsd=org/springframework/beans/factory/xml/spring-beans-3.1.xsd, http://www.springframework.org/schema/util/spring-util.xsd=org/springframework/beans/factory/xml/spring-util-4.3.xsd, http://www.springframework.org/schema/data/jpa/spring-jpa-1.3.xsd=org/springframework/data/jpa/repository/config/spring-jpa-1.3.xsd, http://www.springframework.org/schema/aop/spring-aop-3.0.xsd=org/springframework/aop/config/spring-aop-3.0.xsd, http://www.springframework.org/schema/data/repository/spring-repository.xsd=org/springframework/data/repository/config/spring-repository-1.11.xsd, http://www.springframework.org/schema/data/repository/spring-repository-1.7.xsd=org/springframework/data/repository/config/spring-repository-1.7.xsd, http://www.springframework.org/schema/mvc/spring-mvc-3.0.xsd=org/springframework/web/servlet/config/spring-mvc-3.0.xsd, http://www.springframework.org/schema/beans/spring-beans-4.0.xsd=org/springframework/beans/factory/xml/spring-beans-4.0.xsd, http://www.springframework.org/schema/oxm/spring-oxm-4.2.xsd=org/springframework/oxm/config/spring-oxm-4.2.xsd, http://www.springframework.org/schema/data/jpa/spring-jpa-1.8.xsd=org/springframework/data/jpa/repository/config/spring-jpa-1.8.xsd, http://www.springframework.org/schema/beans/spring-beans.xsd=org/springframework/beans/factory/xml/spring-beans-4.3.xsd, http://www.springframework.org/schema/tx/spring-tx-3.1.xsd=org/springframework/transaction/config/spring-tx-3.1.xsd, http://www.springframework.org/schema/lang/spring-lang-3.0.xsd=org/springframework/scripting/config/spring-lang-3.0.xsd, http://www.springframework.org/schema/context/spring-context-2.5.xsd=org/springframework/context/config/spring-context-2.5.xsd, http://www.springframework.org/schema/context/spring-context-4.3.xsd=org/springframework/context/config/spring-context-4.3.xsd, http://www.springframework.org/schema/task/spring-task-4.0.xsd=org/springframework/scheduling/config/spring-task-4.0.xsd, http://www.springframework.org/schema/tool/spring-tool-3.0.xsd=org/springframework/beans/factory/xml/spring-tool-3.0.xsd, http://www.springframework.org/schema/tx/spring-tx-4.0.xsd=org/springframework/transaction/config/spring-tx-4.0.xsd, http://www.springframework.org/schema/aop/spring-aop-2.0.xsd=org/springframework/aop/config/spring-aop-2.0.xsd, http://www.springframework.org/schema/jee/spring-jee-3.0.xsd=org/springframework/ejb/config/spring-jee-3.0.xsd, http://www.springframework.org/schema/task/spring-task-3.1.xsd=org/springframework/scheduling/config/spring-task-3.1.xsd, http://www.springframework.org/schema/util/spring-util-4.1.xsd=org/springframework/beans/factory/xml/spring-util-4.1.xsd, http://www.springframework.org/schema/beans/spring-beans-3.0.xsd=org/springframework/beans/factory/xml/spring-beans-3.0.xsd, http://www.springframework.org/schema/data/jpa/spring-jpa-1.2.xsd=org/springframework/data/jpa/repository/config/spring-jpa-1.2.xsd, http://www.springframework.org/schema/jee/spring-jee.xsd=org/springframework/ejb/config/spring-jee-4.3.xsd, http://www.springframework.org/schema/aop/spring-aop-4.3.xsd=org/springframework/aop/config/spring-aop-4.3.xsd, http://www.springframework.org/schema/aop/spring-aop-2.5.xsd=org/springframework/aop/config/spring-aop-2.5.xsd, http://www.springframework.org/schema/lang/spring-lang-2.0.xsd=org/springframework/scripting/config/spring-lang-2.0.xsd, http://www.springframework.org/schema/data/repository/spring-repository-1.6.xsd=org/springframework/data/repository/config/spring-repository-1.6.xsd, http://www.springframework.org/schema/oxm/spring-oxm.xsd=org/springframework/oxm/config/spring-oxm-4.3.xsd, http://www.springframework.org/schema/util/spring-util-3.2.xsd=org/springframework/beans/factory/xml/spring-util-3.2.xsd, http://www.springframework.org/schema/oxm/spring-oxm-4.1.xsd=org/springframework/oxm/config/spring-oxm-4.1.xsd, http://www.springframework.org/schema/task/spring-task.xsd=org/springframework/scheduling/config/spring-task-4.3.xsd, http://www.springframework.org/schema/tool/spring-tool-2.0.xsd=org/springframework/beans/factory/xml/spring-tool-2.0.xsd, http://www.springframework.org/schema/tx/spring-tx-3.0.xsd=org/springframework/transaction/config/spring-tx-3.0.xsd, http://www.springframework.org/schema/lang/spring-lang-4.3.xsd=org/springframework/scripting/config/spring-lang-4.3.xsd, http://www.springframework.org/schema/lang/spring-lang-2.5.xsd=org/springframework/scripting/config/spring-lang-2.5.xsd, http://www.springframework.org/schema/context/spring-context-4.2.xsd=org/springframework/context/config/spring-context-4.2.xsd, http://www.springframework.org/schema/jee/spring-jee-2.0.xsd=org/springframework/ejb/config/spring-jee-2.0.xsd, http://www.springframework.org/schema/oxm/spring-oxm-3.2.xsd=org/springframework/oxm/config/spring-oxm-3.2.xsd, http://www.springframework.org/schema/tool/spring-tool-4.3.xsd=org/springframework/beans/factory/xml/spring-tool-4.3.xsd, http://www.springframework.org/schema/tool/spring-tool-2.5.xsd=org/springframework/beans/factory/xml/spring-tool-2.5.xsd, http://www.springframework.org/schema/jee/spring-jee-4.3.xsd=org/springframework/ejb/config/spring-jee-4.3.xsd, http://www.springframework.org/schema/jee/spring-jee-2.5.xsd=org/springframework/ejb/config/spring-jee-2.5.xsd, http://www.springframework.org/schema/data/repository/spring-repository-1.0.xsd=org/springframework/data/repository/config/spring-repository-1.0.xsd, http://www.springframework.org/schema/task/spring-task-3.0.xsd=org/springframework/scheduling/config/spring-task-3.0.xsd, http://www.springframework.org/schema/util/spring-util-4.0.xsd=org/springframework/beans/factory/xml/spring-util-4.0.xsd, http://www.springframework.org/schema/data/jpa/spring-jpa-1.1.xsd=org/springframework/data/jpa/repository/config/spring-jpa-1.1.xsd, http://www.springframework.org/schema/cache/spring-cache-4.3.xsd=org/springframework/cache/config/spring-cache-4.3.xsd, http://www.springframework.org/schema/aop/spring-aop-4.2.xsd=org/springframework/aop/config/spring-aop-4.2.xsd, http://www.springframework.org/schema/lang/spring-lang.xsd=org/springframework/scripting/config/spring-lang-4.3.xsd, http://www.springframework.org/schema/context/spring-context-3.2.xsd=org/springframework/context/config/spring-context-3.2.xsd, http://www.springframework.org/schema/data/repository/spring-repository-1.5.xsd=org/springframework/data/repository/config/spring-repository-1.5.xsd, http://www.springframework.org/schema/mvc/spring-mvc-4.2.xsd=org/springframework/web/servlet/config/spring-mvc-4.2.xsd, http://www.springframework.org/schema/util/spring-util-3.1.xsd=org/springframework/beans/factory/xml/spring-util-3.1.xsd, http://www.springframework.org/schema/beans/spring-beans-2.0.xsd=org/springframework/beans/factory/xml/spring-beans-2.0.xsd, http://www.springframework.org/schema/oxm/spring-oxm-4.0.xsd=org/springframework/oxm/config/spring-oxm-4.0.xsd, http://www.springframework.org/schema/cache/spring-cache.xsd=org/springframework/cache/config/spring-cache-4.3.xsd, http://www.springframework.org/schema/tx/spring-tx.xsd=org/springframework/transaction/config/spring-tx-4.3.xsd, http://www.springframework.org/schema/lang/spring-lang-4.2.xsd=org/springframework/scripting/config/spring-lang-4.2.xsd, http://www.springframework.org/schema/context/spring-context-4.1.xsd=org/springframework/context/config/spring-context-4.1.xsd, http://www.springframework.org/schema/beans/spring-beans-2.5.xsd=org/springframework/beans/factory/xml/spring-beans-2.5.xsd, http://www.springframework.org/schema/beans/spring-beans-4.3.xsd=org/springframework/beans/factory/xml/spring-beans-4.3.xsd, http://www.springframework.org/schema/oxm/spring-oxm-3.1.xsd=org/springframework/oxm/config/spring-oxm-3.1.xsd, http://www.springframework.org/schema/tool/spring-tool-4.2.xsd=org/springframework/beans/factory/xml/spring-tool-4.2.xsd, http://www.springframework.org/schema/tx/spring-tx-2.0.xsd=org/springframework/transaction/config/spring-tx-2.0.xsd, http://www.alibaba.com/schema/stat.xsd=META-INF/stat.xsd, http://www.springframework.org/schema/data/repository/spring-repository-1.11.xsd=org/springframework/data/repository/config/spring-repository-1.11.xsd, http://www.springframework.org/schema/jee/spring-jee-4.2.xsd=org/springframework/ejb/config/spring-jee-4.2.xsd, http://www.springframework.org/schema/jdbc/spring-jdbc-3.2.xsd=org/springframework/jdbc/config/spring-jdbc-3.2.xsd, http://www.springframework.org/schema/aop/spring-aop.xsd=org/springframework/aop/config/spring-aop-4.3.xsd, http://www.springframework.org/schema/task/spring-task-4.3.xsd=org/springframework/scheduling/config/spring-task-4.3.xsd, http://www.springframework.org/schema/data/jpa/spring-jpa-1.0.xsd=org/springframework/data/jpa/repository/config/spring-jpa-1.0.xsd}
11:05:25,988 DEBUG PluggableSchemaResolver:119 - Found XML schema [http://www.springframework.org/schema/beans/spring-beans-3.2.xsd] in classpath: org/springframework/beans/factory/xml/spring-beans-3.2.xsd
11:05:26,102 DEBUG PluggableSchemaResolver:119 - Found XML schema [http://www.springframework.org/schema/context/spring-context-3.2.xsd] in classpath: org/springframework/context/config/spring-context-3.2.xsd
11:05:26,110 DEBUG PluggableSchemaResolver:119 - Found XML schema [http://www.springframework.org/schema/tool/spring-tool-3.2.xsd] in classpath: org/springframework/beans/factory/xml/spring-tool-3.2.xsd
11:05:26,117 DEBUG PluggableSchemaResolver:119 - Found XML schema [http://www.springframework.org/schema/data/jpa/spring-jpa.xsd] in classpath: org/springframework/data/jpa/repository/config/spring-jpa-1.8.xsd
11:05:26,119 DEBUG PluggableSchemaResolver:119 - Found XML schema [http://www.springframework.org/schema/data/repository/spring-repository.xsd] in classpath: org/springframework/data/repository/config/spring-repository-1.11.xsd
11:05:26,125 DEBUG PluggableSchemaResolver:119 - Found XML schema [http://www.springframework.org/schema/tx/spring-tx-3.2.xsd] in classpath: org/springframework/transaction/config/spring-tx-3.2.xsd
11:05:26,133 DEBUG DefaultBeanDefinitionDocumentReader:92 - Loading bean definitions
11:05:26,141  INFO XmlBeanDefinitionReader:317 - Loading XML bean definitions from class path resource [config.xml]
11:05:26,142 DEBUG DefaultDocumentLoader:73 - Using JAXP provider [com.sun.org.apache.xerces.internal.jaxp.DocumentBuilderFactoryImpl]
11:05:26,144 DEBUG PluggableSchemaResolver:119 - Found XML schema [http://www.springframework.org/schema/beans/spring-beans.xsd] in classpath: org/springframework/beans/factory/xml/spring-beans-4.3.xsd
11:05:26,157 DEBUG DefaultBeanDefinitionDocumentReader:92 - Loading bean definitions
11:05:26,166 DEBUG DefaultBeanDefinitionDocumentReader:252 - Imported 2 bean definitions from relative location [config.xml]
11:05:26,168 DEBUG DefaultNamespaceHandlerResolver:157 - Loaded NamespaceHandler mappings: {http://www.springframework.org/schema/task=org.springframework.scheduling.config.TaskNamespaceHandler, http://www.springframework.org/schema/p=org.springframework.beans.factory.xml.SimplePropertyNamespaceHandler, http://www.springframework.org/schema/data/jpa=org.springframework.data.jpa.repository.config.JpaRepositoryNameSpaceHandler, http://www.springframework.org/schema/lang=org.springframework.scripting.config.LangNamespaceHandler, http://www.springframework.org/schema/util=org.springframework.beans.factory.xml.UtilNamespaceHandler, http://www.springframework.org/schema/redis=org.springframework.data.redis.config.RedisNamespaceHandler, http://www.springframework.org/schema/c=org.springframework.beans.factory.xml.SimpleConstructorNamespaceHandler, http://www.springframework.org/schema/data/keyvalue=org.springframework.data.keyvalue.repository.config.KeyValueRepositoryNameSpaceHandler, http://www.springframework.org/schema/jee=org.springframework.ejb.config.JeeNamespaceHandler, http://www.springframework.org/schema/oxm=org.springframework.oxm.config.OxmNamespaceHandler, http://www.springframework.org/schema/tx=org.springframework.transaction.config.TxNamespaceHandler, http://www.springframework.org/schema/data/repository=org.springframework.data.repository.config.RepositoryNameSpaceHandler, http://www.springframework.org/schema/jdbc=org.springframework.jdbc.config.JdbcNamespaceHandler, http://www.springframework.org/schema/aop=org.springframework.aop.config.AopNamespaceHandler, http://www.alibaba.com/schema/stat=com.alibaba.druid.support.spring.stat.config.DruidStatNamespaceHandler, http://www.springframework.org/schema/context=org.springframework.context.config.ContextNamespaceHandler, http://www.springframework.org/schema/cache=org.springframework.cache.config.CacheNamespaceHandler, http://www.springframework.org/schema/mvc=org.springframework.web.servlet.config.MvcNamespaceHandler}
11:05:26,183 DEBUG PathMatchingResourcePatternResolver:318 - Resolved classpath location [io/whisper/console/service/] to resources [URL [file:/home/xilong/whisper/whisper-server-console/build/classes/main/io/whisper/console/service/]]
11:05:26,183 DEBUG PathMatchingResourcePatternResolver:713 - Looking for matching resources in directory tree [/home/xilong/whisper/whisper-server-console/build/classes/main/io/whisper/console/service]
11:05:26,184 DEBUG PathMatchingResourcePatternResolver:775 - Searching directory [/home/xilong/whisper/whisper-server-console/build/classes/main/io/whisper/console/service] for files matching pattern [/home/xilong/whisper/whisper-server-console/build/classes/main/io/whisper/console/service/**/*.class]
11:05:26,185 DEBUG PathMatchingResourcePatternResolver:775 - Searching directory [/home/xilong/whisper/whisper-server-console/build/classes/main/io/whisper/console/service/base] for files matching pattern [/home/xilong/whisper/whisper-server-console/build/classes/main/io/whisper/console/service/**/*.class]
11:05:26,186 DEBUG PathMatchingResourcePatternResolver:775 - Searching directory [/home/xilong/whisper/whisper-server-console/build/classes/main/io/whisper/console/service/impl] for files matching pattern [/home/xilong/whisper/whisper-server-console/build/classes/main/io/whisper/console/service/**/*.class]
11:05:26,188 DEBUG PathMatchingResourcePatternResolver:482 - Resolved location pattern [classpath*:io/whisper/console/service/**/*.class] to resources [file [/home/xilong/whisper/whisper-server-console/build/classes/main/io/whisper/console/service/DictService.class], file [/home/xilong/whisper/whisper-server-console/build/classes/main/io/whisper/console/service/OrgService.class], file [/home/xilong/whisper/whisper-server-console/build/classes/main/io/whisper/console/service/base/AbstractBaseServiceImpl.class], file [/home/xilong/whisper/whisper-server-console/build/classes/main/io/whisper/console/service/base/BaseService.class], file [/home/xilong/whisper/whisper-server-console/build/classes/main/io/whisper/console/service/base/WhisperBaseService.class], file [/home/xilong/whisper/whisper-server-console/build/classes/main/io/whisper/console/service/impl/BaseServiceImpl.class], file [/home/xilong/whisper/whisper-server-console/build/classes/main/io/whisper/console/service/impl/DictServiceImpl.class], file [/home/xilong/whisper/whisper-server-console/build/classes/main/io/whisper/console/service/impl/OrgServiceImpl.class]]
11:05:26,214 DEBUG ClassPathBeanDefinitionScanner:294 - Identified candidate component class: file [/home/xilong/whisper/whisper-server-console/build/classes/main/io/whisper/console/service/impl/BaseServiceImpl.class]
11:05:26,214 DEBUG ClassPathBeanDefinitionScanner:294 - Identified candidate component class: file [/home/xilong/whisper/whisper-server-console/build/classes/main/io/whisper/console/service/impl/DictServiceImpl.class]
11:05:26,215 DEBUG ClassPathBeanDefinitionScanner:294 - Identified candidate component class: file [/home/xilong/whisper/whisper-server-console/build/classes/main/io/whisper/console/service/impl/OrgServiceImpl.class]
11:05:26,223 DEBUG PathMatchingResourcePatternResolver:318 - Resolved classpath location [io/whisper/console/shiro/service/] to resources [URL [file:/home/xilong/whisper/whisper-server-console/build/classes/main/io/whisper/console/shiro/service/]]
11:05:26,224 DEBUG PathMatchingResourcePatternResolver:713 - Looking for matching resources in directory tree [/home/xilong/whisper/whisper-server-console/build/classes/main/io/whisper/console/shiro/service]
11:05:26,224 DEBUG PathMatchingResourcePatternResolver:775 - Searching directory [/home/xilong/whisper/whisper-server-console/build/classes/main/io/whisper/console/shiro/service] for files matching pattern [/home/xilong/whisper/whisper-server-console/build/classes/main/io/whisper/console/shiro/service/**/*.class]
11:05:26,225 DEBUG PathMatchingResourcePatternResolver:482 - Resolved location pattern [classpath*:io/whisper/console/shiro/service/**/*.class] to resources [file [/home/xilong/whisper/whisper-server-console/build/classes/main/io/whisper/console/shiro/service/PasswordHelper.class], file [/home/xilong/whisper/whisper-server-console/build/classes/main/io/whisper/console/shiro/service/ResourceService.class], file [/home/xilong/whisper/whisper-server-console/build/classes/main/io/whisper/console/shiro/service/ResourceServiceImpl$1.class], file [/home/xilong/whisper/whisper-server-console/build/classes/main/io/whisper/console/shiro/service/ResourceServiceImpl.class], file [/home/xilong/whisper/whisper-server-console/build/classes/main/io/whisper/console/shiro/service/RoleService.class], file [/home/xilong/whisper/whisper-server-console/build/classes/main/io/whisper/console/shiro/service/RoleServiceImpl$1.class], file [/home/xilong/whisper/whisper-server-console/build/classes/main/io/whisper/console/shiro/service/RoleServiceImpl.class], file [/home/xilong/whisper/whisper-server-console/build/classes/main/io/whisper/console/shiro/service/UserExcelService.class], file [/home/xilong/whisper/whisper-server-console/build/classes/main/io/whisper/console/shiro/service/UserService.class], file [/home/xilong/whisper/whisper-server-console/build/classes/main/io/whisper/console/shiro/service/UserServiceImpl$1.class], file [/home/xilong/whisper/whisper-server-console/build/classes/main/io/whisper/console/shiro/service/UserServiceImpl.class]]
11:05:26,226 DEBUG ClassPathBeanDefinitionScanner:294 - Identified candidate component class: file [/home/xilong/whisper/whisper-server-console/build/classes/main/io/whisper/console/shiro/service/PasswordHelper.class]
11:05:26,227 DEBUG ClassPathBeanDefinitionScanner:294 - Identified candidate component class: file [/home/xilong/whisper/whisper-server-console/build/classes/main/io/whisper/console/shiro/service/ResourceServiceImpl.class]
11:05:26,228 DEBUG ClassPathBeanDefinitionScanner:294 - Identified candidate component class: file [/home/xilong/whisper/whisper-server-console/build/classes/main/io/whisper/console/shiro/service/RoleServiceImpl.class]
11:05:26,229 DEBUG ClassPathBeanDefinitionScanner:294 - Identified candidate component class: file [/home/xilong/whisper/whisper-server-console/build/classes/main/io/whisper/console/shiro/service/UserExcelService.class]
11:05:26,232 DEBUG ClassPathBeanDefinitionScanner:294 - Identified candidate component class: file [/home/xilong/whisper/whisper-server-console/build/classes/main/io/whisper/console/shiro/service/UserServiceImpl.class]
11:05:26,248  INFO XmlBeanDefinitionReader:317 - Loading XML bean definitions from class path resource [druid-config.xml]
11:05:26,249 DEBUG DefaultDocumentLoader:73 - Using JAXP provider [com.sun.org.apache.xerces.internal.jaxp.DocumentBuilderFactoryImpl]
11:05:26,250 DEBUG PluggableSchemaResolver:119 - Found XML schema [http://www.springframework.org/schema/beans/spring-beans.xsd] in classpath: org/springframework/beans/factory/xml/spring-beans-4.3.xsd
11:05:26,261 DEBUG DefaultBeanDefinitionDocumentReader:92 - Loading bean definitions
11:05:26,263 DEBUG DefaultBeanDefinitionDocumentReader:252 - Imported 1 bean definitions from relative location [druid-config.xml]
11:05:26,274  INFO RepositoryConfigurationDelegate:165 - Multiple Spring Data modules found, entering strict repository configuration mode!
11:05:26,277 DEBUG StandardEnvironment:109 - Adding [systemProperties] PropertySource with lowest search precedence
11:05:26,278 DEBUG StandardEnvironment:109 - Adding [systemEnvironment] PropertySource with lowest search precedence
11:05:26,278 DEBUG StandardEnvironment:124 - Initialized StandardEnvironment with PropertySources [systemProperties,systemEnvironment]
11:05:26,281 DEBUG PathMatchingResourcePatternResolver:318 - Resolved classpath location [io/whisper/console/repository/] to resources [URL [file:/home/xilong/whisper/whisper-server-console/build/classes/main/io/whisper/console/repository/]]
11:05:26,282 DEBUG PathMatchingResourcePatternResolver:713 - Looking for matching resources in directory tree [/home/xilong/whisper/whisper-server-console/build/classes/main/io/whisper/console/repository]
11:05:26,282 DEBUG PathMatchingResourcePatternResolver:775 - Searching directory [/home/xilong/whisper/whisper-server-console/build/classes/main/io/whisper/console/repository] for files matching pattern [/home/xilong/whisper/whisper-server-console/build/classes/main/io/whisper/console/repository/**/*.class]
11:05:26,283 DEBUG PathMatchingResourcePatternResolver:775 - Searching directory [/home/xilong/whisper/whisper-server-console/build/classes/main/io/whisper/console/repository/base] for files matching pattern [/home/xilong/whisper/whisper-server-console/build/classes/main/io/whisper/console/repository/**/*.class]
11:05:26,284 DEBUG PathMatchingResourcePatternResolver:482 - Resolved location pattern [classpath*:io/whisper/console/repository/**/*.class] to resources [file [/home/xilong/whisper/whisper-server-console/build/classes/main/io/whisper/console/repository/base/BaseRepository.class]]
11:05:26,284 DEBUG PathMatchingResourcePatternResolver:318 - Resolved classpath location [io/whisper/console/shiro/repository/] to resources [URL [file:/home/xilong/whisper/whisper-server-console/build/classes/main/io/whisper/console/shiro/repository/]]
11:05:26,285 DEBUG PathMatchingResourcePatternResolver:713 - Looking for matching resources in directory tree [/home/xilong/whisper/whisper-server-console/build/classes/main/io/whisper/console/shiro/repository]
11:05:26,285 DEBUG PathMatchingResourcePatternResolver:775 - Searching directory [/home/xilong/whisper/whisper-server-console/build/classes/main/io/whisper/console/shiro/repository] for files matching pattern [/home/xilong/whisper/whisper-server-console/build/classes/main/io/whisper/console/shiro/repository/**/*.class]
11:05:26,286 DEBUG PathMatchingResourcePatternResolver:482 - Resolved location pattern [classpath*:io/whisper/console/shiro/repository/**/*.class] to resources [file [/home/xilong/whisper/whisper-server-console/build/classes/main/io/whisper/console/shiro/repository/ResourceRepository.class], file [/home/xilong/whisper/whisper-server-console/build/classes/main/io/whisper/console/shiro/repository/ResourceRepositoryImpl.class], file [/home/xilong/whisper/whisper-server-console/build/classes/main/io/whisper/console/shiro/repository/RoleRepository.class], file [/home/xilong/whisper/whisper-server-console/build/classes/main/io/whisper/console/shiro/repository/RoleRepositoryImpl.class], file [/home/xilong/whisper/whisper-server-console/build/classes/main/io/whisper/console/shiro/repository/UserRepository.class], file [/home/xilong/whisper/whisper-server-console/build/classes/main/io/whisper/console/shiro/repository/UserRepositoryImpl.class]]
11:05:26,288 DEBUG RepositoryComponentProvider:294 - Identified candidate component class: file [/home/xilong/whisper/whisper-server-console/build/classes/main/io/whisper/console/shiro/repository/ResourceRepository.class]
11:05:26,296 DEBUG RepositoryComponentProvider:294 - Identified candidate component class: file [/home/xilong/whisper/whisper-server-console/build/classes/main/io/whisper/console/shiro/repository/RoleRepository.class]
11:05:26,297 DEBUG RepositoryComponentProvider:294 - Identified candidate component class: file [/home/xilong/whisper/whisper-server-console/build/classes/main/io/whisper/console/shiro/repository/UserRepository.class]
11:05:26,330 DEBUG StandardEnvironment:109 - Adding [systemProperties] PropertySource with lowest search precedence
11:05:26,330 DEBUG StandardEnvironment:109 - Adding [systemEnvironment] PropertySource with lowest search precedence
11:05:26,331 DEBUG StandardEnvironment:124 - Initialized StandardEnvironment with PropertySources [systemProperties,systemEnvironment]
11:05:26,332 DEBUG PathMatchingResourcePatternResolver:318 - Resolved classpath location [io/whisper/console/repository/] to resources [URL [file:/home/xilong/whisper/whisper-server-console/build/classes/main/io/whisper/console/repository/]]
11:05:26,332 DEBUG PathMatchingResourcePatternResolver:713 - Looking for matching resources in directory tree [/home/xilong/whisper/whisper-server-console/build/classes/main/io/whisper/console/repository]
11:05:26,332 DEBUG PathMatchingResourcePatternResolver:775 - Searching directory [/home/xilong/whisper/whisper-server-console/build/classes/main/io/whisper/console/repository] for files matching pattern [/home/xilong/whisper/whisper-server-console/build/classes/main/io/whisper/console/repository/**/*ResourceRepositoryImpl.class]
11:05:26,333 DEBUG PathMatchingResourcePatternResolver:775 - Searching directory [/home/xilong/whisper/whisper-server-console/build/classes/main/io/whisper/console/repository/base] for files matching pattern [/home/xilong/whisper/whisper-server-console/build/classes/main/io/whisper/console/repository/**/*ResourceRepositoryImpl.class]
11:05:26,333 DEBUG PathMatchingResourcePatternResolver:482 - Resolved location pattern [classpath*:io/whisper/console/repository/**/*ResourceRepositoryImpl.class] to resources []
11:05:26,333 DEBUG PathMatchingResourcePatternResolver:318 - Resolved classpath location [io/whisper/console/shiro/repository/] to resources [URL [file:/home/xilong/whisper/whisper-server-console/build/classes/main/io/whisper/console/shiro/repository/]]
11:05:26,334 DEBUG PathMatchingResourcePatternResolver:713 - Looking for matching resources in directory tree [/home/xilong/whisper/whisper-server-console/build/classes/main/io/whisper/console/shiro/repository]
11:05:26,334 DEBUG PathMatchingResourcePatternResolver:775 - Searching directory [/home/xilong/whisper/whisper-server-console/build/classes/main/io/whisper/console/shiro/repository] for files matching pattern [/home/xilong/whisper/whisper-server-console/build/classes/main/io/whisper/console/shiro/repository/**/*ResourceRepositoryImpl.class]
11:05:26,334 DEBUG PathMatchingResourcePatternResolver:482 - Resolved location pattern [classpath*:io/whisper/console/shiro/repository/**/*ResourceRepositoryImpl.class] to resources [file [/home/xilong/whisper/whisper-server-console/build/classes/main/io/whisper/console/shiro/repository/ResourceRepositoryImpl.class]]
11:05:26,335 DEBUG ClassPathScanningCandidateComponentProvider:294 - Identified candidate component class: file [/home/xilong/whisper/whisper-server-console/build/classes/main/io/whisper/console/shiro/repository/ResourceRepositoryImpl.class]
11:05:26,335 DEBUG RepositoryBeanDefinitionBuilder:138 - Registering custom repository implementation: resourceRepositoryImpl io.whisper.console.shiro.repository.ResourceRepositoryImpl
11:05:26,343 DEBUG RepositoryConfigurationDelegate:139 - Spring Data JPA - Registering repository: resourceRepository - Interface: io.whisper.console.shiro.repository.ResourceRepository - Factory: org.springframework.data.jpa.repository.support.JpaRepositoryFactoryBean
11:05:26,344 DEBUG StandardEnvironment:109 - Adding [systemProperties] PropertySource with lowest search precedence
11:05:26,344 DEBUG StandardEnvironment:109 - Adding [systemEnvironment] PropertySource with lowest search precedence
11:05:26,344 DEBUG StandardEnvironment:124 - Initialized StandardEnvironment with PropertySources [systemProperties,systemEnvironment]
11:05:26,345 DEBUG PathMatchingResourcePatternResolver:318 - Resolved classpath location [io/whisper/console/repository/] to resources [URL [file:/home/xilong/whisper/whisper-server-console/build/classes/main/io/whisper/console/repository/]]
11:05:26,345 DEBUG PathMatchingResourcePatternResolver:713 - Looking for matching resources in directory tree [/home/xilong/whisper/whisper-server-console/build/classes/main/io/whisper/console/repository]
11:05:26,345 DEBUG PathMatchingResourcePatternResolver:775 - Searching directory [/home/xilong/whisper/whisper-server-console/build/classes/main/io/whisper/console/repository] for files matching pattern [/home/xilong/whisper/whisper-server-console/build/classes/main/io/whisper/console/repository/**/*RoleRepositoryImpl.class]
11:05:26,345 DEBUG PathMatchingResourcePatternResolver:775 - Searching directory [/home/xilong/whisper/whisper-server-console/build/classes/main/io/whisper/console/repository/base] for files matching pattern [/home/xilong/whisper/whisper-server-console/build/classes/main/io/whisper/console/repository/**/*RoleRepositoryImpl.class]
11:05:26,346 DEBUG PathMatchingResourcePatternResolver:482 - Resolved location pattern [classpath*:io/whisper/console/repository/**/*RoleRepositoryImpl.class] to resources []
11:05:26,346 DEBUG PathMatchingResourcePatternResolver:318 - Resolved classpath location [io/whisper/console/shiro/repository/] to resources [URL [file:/home/xilong/whisper/whisper-server-console/build/classes/main/io/whisper/console/shiro/repository/]]
11:05:26,346 DEBUG PathMatchingResourcePatternResolver:713 - Looking for matching resources in directory tree [/home/xilong/whisper/whisper-server-console/build/classes/main/io/whisper/console/shiro/repository]
11:05:26,347 DEBUG PathMatchingResourcePatternResolver:775 - Searching directory [/home/xilong/whisper/whisper-server-console/build/classes/main/io/whisper/console/shiro/repository] for files matching pattern [/home/xilong/whisper/whisper-server-console/build/classes/main/io/whisper/console/shiro/repository/**/*RoleRepositoryImpl.class]
11:05:26,347 DEBUG PathMatchingResourcePatternResolver:482 - Resolved location pattern [classpath*:io/whisper/console/shiro/repository/**/*RoleRepositoryImpl.class] to resources [file [/home/xilong/whisper/whisper-server-console/build/classes/main/io/whisper/console/shiro/repository/RoleRepositoryImpl.class]]
11:05:26,347 DEBUG ClassPathScanningCandidateComponentProvider:294 - Identified candidate component class: file [/home/xilong/whisper/whisper-server-console/build/classes/main/io/whisper/console/shiro/repository/RoleRepositoryImpl.class]
11:05:26,348 DEBUG RepositoryBeanDefinitionBuilder:138 - Registering custom repository implementation: roleRepositoryImpl io.whisper.console.shiro.repository.RoleRepositoryImpl
11:05:26,348 DEBUG RepositoryConfigurationDelegate:139 - Spring Data JPA - Registering repository: roleRepository - Interface: io.whisper.console.shiro.repository.RoleRepository - Factory: org.springframework.data.jpa.repository.support.JpaRepositoryFactoryBean
11:05:26,349 DEBUG StandardEnvironment:109 - Adding [systemProperties] PropertySource with lowest search precedence
11:05:26,349 DEBUG StandardEnvironment:109 - Adding [systemEnvironment] PropertySource with lowest search precedence
11:05:26,349 DEBUG StandardEnvironment:124 - Initialized StandardEnvironment with PropertySources [systemProperties,systemEnvironment]
11:05:26,349 DEBUG PathMatchingResourcePatternResolver:318 - Resolved classpath location [io/whisper/console/repository/] to resources [URL [file:/home/xilong/whisper/whisper-server-console/build/classes/main/io/whisper/console/repository/]]
11:05:26,350 DEBUG PathMatchingResourcePatternResolver:713 - Looking for matching resources in directory tree [/home/xilong/whisper/whisper-server-console/build/classes/main/io/whisper/console/repository]
11:05:26,350 DEBUG PathMatchingResourcePatternResolver:775 - Searching directory [/home/xilong/whisper/whisper-server-console/build/classes/main/io/whisper/console/repository] for files matching pattern [/home/xilong/whisper/whisper-server-console/build/classes/main/io/whisper/console/repository/**/*UserRepositoryImpl.class]
11:05:26,350 DEBUG PathMatchingResourcePatternResolver:775 - Searching directory [/home/xilong/whisper/whisper-server-console/build/classes/main/io/whisper/console/repository/base] for files matching pattern [/home/xilong/whisper/whisper-server-console/build/classes/main/io/whisper/console/repository/**/*UserRepositoryImpl.class]
11:05:26,351 DEBUG PathMatchingResourcePatternResolver:482 - Resolved location pattern [classpath*:io/whisper/console/repository/**/*UserRepositoryImpl.class] to resources []
11:05:26,351 DEBUG PathMatchingResourcePatternResolver:318 - Resolved classpath location [io/whisper/console/shiro/repository/] to resources [URL [file:/home/xilong/whisper/whisper-server-console/build/classes/main/io/whisper/console/shiro/repository/]]
11:05:26,351 DEBUG PathMatchingResourcePatternResolver:713 - Looking for matching resources in directory tree [/home/xilong/whisper/whisper-server-console/build/classes/main/io/whisper/console/shiro/repository]
11:05:26,351 DEBUG PathMatchingResourcePatternResolver:775 - Searching directory [/home/xilong/whisper/whisper-server-console/build/classes/main/io/whisper/console/shiro/repository] for files matching pattern [/home/xilong/whisper/whisper-server-console/build/classes/main/io/whisper/console/shiro/repository/**/*UserRepositoryImpl.class]
11:05:26,352 DEBUG PathMatchingResourcePatternResolver:482 - Resolved location pattern [classpath*:io/whisper/console/shiro/repository/**/*UserRepositoryImpl.class] to resources [file [/home/xilong/whisper/whisper-server-console/build/classes/main/io/whisper/console/shiro/repository/UserRepositoryImpl.class]]
11:05:26,352 DEBUG ClassPathScanningCandidateComponentProvider:294 - Identified candidate component class: file [/home/xilong/whisper/whisper-server-console/build/classes/main/io/whisper/console/shiro/repository/UserRepositoryImpl.class]
11:05:26,353 DEBUG RepositoryBeanDefinitionBuilder:138 - Registering custom repository implementation: userRepositoryImpl io.whisper.console.shiro.repository.UserRepositoryImpl
11:05:26,353 DEBUG RepositoryConfigurationDelegate:139 - Spring Data JPA - Registering repository: userRepository - Interface: io.whisper.console.shiro.repository.UserRepository - Factory: org.springframework.data.jpa.repository.support.JpaRepositoryFactoryBean
11:05:26,361  INFO XmlBeanDefinitionReader:317 - Loading XML bean definitions from class path resource [spring-shiro-web.xml]
11:05:26,362 DEBUG DefaultDocumentLoader:73 - Using JAXP provider [com.sun.org.apache.xerces.internal.jaxp.DocumentBuilderFactoryImpl]
11:05:26,363 DEBUG PluggableSchemaResolver:119 - Found XML schema [http://www.springframework.org/schema/beans/spring-beans.xsd] in classpath: org/springframework/beans/factory/xml/spring-beans-4.3.xsd
11:05:26,376 DEBUG PluggableSchemaResolver:119 - Found XML schema [http://www.springframework.org/schema/util/spring-util.xsd] in classpath: org/springframework/beans/factory/xml/spring-util-4.3.xsd
11:05:26,379 DEBUG PluggableSchemaResolver:119 - Found XML schema [http://www.springframework.org/schema/tool/spring-tool-4.3.xsd] in classpath: org/springframework/beans/factory/xml/spring-tool-4.3.xsd
11:05:26,382 DEBUG DefaultBeanDefinitionDocumentReader:92 - Loading bean definitions
11:05:26,387 DEBUG BeanDefinitionParserDelegate:481 - Neither XML 'id' nor 'name' specified - using generated bean name [org.springframework.beans.factory.config.MethodInvokingFactoryBean#0]
11:05:26,392 DEBUG BeanDefinitionParserDelegate:1473 - Using generated bean name [util:map#60468546] for nested custom element 'util:map'
11:05:26,393 DEBUG DefaultBeanDefinitionDocumentReader:252 - Imported 16 bean definitions from relative location [spring-shiro-web.xml]
11:05:26,393 DEBUG XmlBeanDefinitionReader:224 - Loaded 50 bean definitions from location pattern [applicationContext.xml]
11:05:26,394 DEBUG ClassPathXmlApplicationContext:617 - Bean factory for org.springframework.context.support.ClassPathXmlApplicationContext@40bfc314: org.springframework.beans.factory.support.DefaultListableBeanFactory@115f99db: defining beans [configProperties,propertyConfigurer,baseService,dictService,orgService,passwordHelper,resourceService,roleService,userExcelService,userService,org.springframework.context.annotation.internalConfigurationAnnotationProcessor,org.springframework.context.annotation.internalAutowiredAnnotationProcessor,org.springframework.context.annotation.internalRequiredAnnotationProcessor,org.springframework.context.annotation.internalCommonAnnotationProcessor,org.springframework.context.annotation.internalPersistenceAnnotationProcessor,org.springframework.context.event.internalEventListenerProcessor,org.springframework.context.event.internalEventListenerFactory,dataSource,entityManagerFactory,transactionManager,org.springframework.data.jpa.repository.config.JpaRepositoryConfigExtension#0,foo,jpaMappingContext,resourceRepositoryImpl,resourceRepository,roleRepositoryImpl,roleRepository,userRepositoryImpl,userRepository,org.springframework.transaction.config.internalTransactionalEventListenerFactory,org.springframework.aop.config.internalAutoProxyCreator,org.springframework.transaction.annotation.AnnotationTransactionAttributeSource#0,org.springframework.transaction.interceptor.TransactionInterceptor#0,org.springframework.transaction.config.internalTransactionAdvisor,cacheManager,credentialsMatcher,userRealm,sessionIdGenerator,sessionIdCookie,rememberMeCookie,sessionDAO,sessionValidationScheduler,sessionManager,rememberMeManager,securityManager,org.springframework.beans.factory.config.MethodInvokingFactoryBean#0,formAuthenticationFilter,monitorFilter,shiroFilter,lifecycleBeanPostProcessor]; root of factory hierarchy
11:05:26,448 DEBUG DefaultListableBeanFactory:221 - Creating shared instance of singleton bean 'org.springframework.context.annotation.internalConfigurationAnnotationProcessor'
11:05:26,449 DEBUG DefaultListableBeanFactory:449 - Creating instance of bean 'org.springframework.context.annotation.internalConfigurationAnnotationProcessor'
11:05:26,463 DEBUG DefaultListableBeanFactory:539 - Eagerly caching bean 'org.springframework.context.annotation.internalConfigurationAnnotationProcessor' to allow for resolving potential circular references
11:05:26,465 DEBUG DefaultListableBeanFactory:485 - Finished creating instance of bean 'org.springframework.context.annotation.internalConfigurationAnnotationProcessor'
11:05:26,513 DEBUG DefaultListableBeanFactory:221 - Creating shared instance of singleton bean 'propertyConfigurer'
11:05:26,514 DEBUG DefaultListableBeanFactory:449 - Creating instance of bean 'propertyConfigurer'
11:05:26,515 DEBUG DefaultListableBeanFactory:539 - Eagerly caching bean 'propertyConfigurer' to allow for resolving potential circular references
11:05:26,528 DEBUG DefaultListableBeanFactory:221 - Creating shared instance of singleton bean 'configProperties'
11:05:26,528 DEBUG DefaultListableBeanFactory:449 - Creating instance of bean 'configProperties'
11:05:26,529 DEBUG DefaultListableBeanFactory:539 - Eagerly caching bean 'configProperties' to allow for resolving potential circular references
11:05:26,536 DEBUG DefaultListableBeanFactory:1670 - Invoking afterPropertiesSet() on bean with name 'configProperties'
11:05:26,537 DEBUG PropertiesFactoryBean:174 - Loading properties file from class path resource [config/database.properties]
11:05:26,537 DEBUG PropertiesFactoryBean:174 - Loading properties file from class path resource [config/druid.properties]
11:05:26,538 DEBUG PropertiesFactoryBean:174 - Loading properties file from class path resource [config/shiro.properties]
11:05:26,538 DEBUG PropertiesFactoryBean:174 - Loading properties file from class path resource [config/system.properties]
11:05:26,538 DEBUG DefaultListableBeanFactory:485 - Finished creating instance of bean 'configProperties'
11:05:26,541 DEBUG DefaultListableBeanFactory:485 - Finished creating instance of bean 'propertyConfigurer'
11:05:26,544 DEBUG DefaultListableBeanFactory:221 - Creating shared instance of singleton bean 'foo'
11:05:26,544 DEBUG DefaultListableBeanFactory:449 - Creating instance of bean 'foo'
11:05:26,544 DEBUG DefaultListableBeanFactory:539 - Eagerly caching bean 'foo' to allow for resolving potential circular references
11:05:26,546 DEBUG DefaultListableBeanFactory:485 - Finished creating instance of bean 'foo'
11:05:26,551 DEBUG DefaultListableBeanFactory:221 - Creating shared instance of singleton bean 'org.springframework.context.annotation.internalAutowiredAnnotationProcessor'
11:05:26,551 DEBUG DefaultListableBeanFactory:449 - Creating instance of bean 'org.springframework.context.annotation.internalAutowiredAnnotationProcessor'
11:05:26,552 DEBUG DefaultListableBeanFactory:539 - Eagerly caching bean 'org.springframework.context.annotation.internalAutowiredAnnotationProcessor' to allow for resolving potential circular references
11:05:26,556 DEBUG DefaultListableBeanFactory:485 - Finished creating instance of bean 'org.springframework.context.annotation.internalAutowiredAnnotationProcessor'
11:05:26,557 DEBUG DefaultListableBeanFactory:221 - Creating shared instance of singleton bean 'org.springframework.context.annotation.internalRequiredAnnotationProcessor'
11:05:26,557 DEBUG DefaultListableBeanFactory:449 - Creating instance of bean 'org.springframework.context.annotation.internalRequiredAnnotationProcessor'
11:05:26,557 DEBUG DefaultListableBeanFactory:539 - Eagerly caching bean 'org.springframework.context.annotation.internalRequiredAnnotationProcessor' to allow for resolving potential circular references
11:05:26,560 DEBUG DefaultListableBeanFactory:485 - Finished creating instance of bean 'org.springframework.context.annotation.internalRequiredAnnotationProcessor'
11:05:26,560 DEBUG DefaultListableBeanFactory:221 - Creating shared instance of singleton bean 'org.springframework.context.annotation.internalCommonAnnotationProcessor'
11:05:26,560 DEBUG DefaultListableBeanFactory:449 - Creating instance of bean 'org.springframework.context.annotation.internalCommonAnnotationProcessor'
11:05:26,572 DEBUG DefaultListableBeanFactory:539 - Eagerly caching bean 'org.springframework.context.annotation.internalCommonAnnotationProcessor' to allow for resolving potential circular references
11:05:26,576 DEBUG DefaultListableBeanFactory:485 - Finished creating instance of bean 'org.springframework.context.annotation.internalCommonAnnotationProcessor'
11:05:26,576 DEBUG DefaultListableBeanFactory:221 - Creating shared instance of singleton bean 'org.springframework.context.annotation.internalPersistenceAnnotationProcessor'
11:05:26,576 DEBUG DefaultListableBeanFactory:449 - Creating instance of bean 'org.springframework.context.annotation.internalPersistenceAnnotationProcessor'
11:05:26,577 DEBUG DefaultListableBeanFactory:539 - Eagerly caching bean 'org.springframework.context.annotation.internalPersistenceAnnotationProcessor' to allow for resolving potential circular references
11:05:26,580 DEBUG DefaultListableBeanFactory:485 - Finished creating instance of bean 'org.springframework.context.annotation.internalPersistenceAnnotationProcessor'
11:05:26,581 DEBUG DefaultListableBeanFactory:221 - Creating shared instance of singleton bean 'lifecycleBeanPostProcessor'
11:05:26,581 DEBUG DefaultListableBeanFactory:449 - Creating instance of bean 'lifecycleBeanPostProcessor'
11:05:26,581 DEBUG DefaultListableBeanFactory:539 - Eagerly caching bean 'lifecycleBeanPostProcessor' to allow for resolving potential circular references
11:05:26,583 DEBUG DefaultListableBeanFactory:485 - Finished creating instance of bean 'lifecycleBeanPostProcessor'
11:05:26,583 DEBUG DefaultListableBeanFactory:221 - Creating shared instance of singleton bean 'org.springframework.aop.config.internalAutoProxyCreator'
11:05:26,583 DEBUG DefaultListableBeanFactory:449 - Creating instance of bean 'org.springframework.aop.config.internalAutoProxyCreator'
11:05:26,590 DEBUG DefaultListableBeanFactory:539 - Eagerly caching bean 'org.springframework.aop.config.internalAutoProxyCreator' to allow for resolving potential circular references
11:05:26,598 DEBUG DefaultListableBeanFactory:485 - Finished creating instance of bean 'org.springframework.aop.config.internalAutoProxyCreator'
11:05:26,598 DEBUG DefaultListableBeanFactory:221 - Creating shared instance of singleton bean 'shiroFilter'
11:05:26,598 DEBUG DefaultListableBeanFactory:449 - Creating instance of bean 'shiroFilter'
11:05:26,600 DEBUG DefaultListableBeanFactory:539 - Eagerly caching bean 'shiroFilter' to allow for resolving potential circular references
11:05:26,603 DEBUG DefaultListableBeanFactory:221 - Creating shared instance of singleton bean 'securityManager'
11:05:26,603 DEBUG DefaultListableBeanFactory:449 - Creating instance of bean 'securityManager'
11:05:26,625 DEBUG DefaultListableBeanFactory:539 - Eagerly caching bean 'securityManager' to allow for resolving potential circular references
11:05:26,633 DEBUG DefaultListableBeanFactory:221 - Creating shared instance of singleton bean 'userRealm'
11:05:26,633 DEBUG DefaultListableBeanFactory:449 - Creating instance of bean 'userRealm'
11:05:26,638 DEBUG DefaultListableBeanFactory:539 - Eagerly caching bean 'userRealm' to allow for resolving potential circular references
11:05:26,646 DEBUG DefaultListableBeanFactory:221 - Creating shared instance of singleton bean 'userService'
11:05:26,646 DEBUG DefaultListableBeanFactory:449 - Creating instance of bean 'userService'
11:05:26,652 DEBUG InjectionMetadata:72 - Registered injected element on class [io.whisper.console.shiro.service.UserServiceImpl]: AutowiredFieldElement for protected io.whisper.console.repository.base.BaseRepository io.whisper.console.service.base.AbstractBaseServiceImpl.baseRepository
11:05:26,652 DEBUG InjectionMetadata:72 - Registered injected element on class [io.whisper.console.shiro.service.UserServiceImpl]: AutowiredFieldElement for private javax.servlet.http.HttpSession io.whisper.console.service.base.AbstractBaseServiceImpl.session
11:05:26,652 DEBUG InjectionMetadata:72 - Registered injected element on class [io.whisper.console.shiro.service.UserServiceImpl]: AutowiredFieldElement for private io.whisper.console.shiro.repository.UserRepository io.whisper.console.shiro.service.UserServiceImpl.userRepository
11:05:26,653 DEBUG InjectionMetadata:72 - Registered injected element on class [io.whisper.console.shiro.service.UserServiceImpl]: AutowiredFieldElement for private io.whisper.console.shiro.repository.RoleRepository io.whisper.console.shiro.service.UserServiceImpl.roleRepository
11:05:26,653 DEBUG InjectionMetadata:72 - Registered injected element on class [io.whisper.console.shiro.service.UserServiceImpl]: AutowiredFieldElement for private io.whisper.console.shiro.service.PasswordHelper io.whisper.console.shiro.service.UserServiceImpl.passwordHelper
11:05:26,653 DEBUG DefaultListableBeanFactory:539 - Eagerly caching bean 'userService' to allow for resolving potential circular references
11:05:26,657 DEBUG InjectionMetadata:86 - Processing injected element of bean 'userService': AutowiredFieldElement for protected io.whisper.console.repository.base.BaseRepository io.whisper.console.service.base.AbstractBaseServiceImpl.baseRepository
11:05:26,670  WARN ClassPathXmlApplicationContext:551 - Exception encountered during context initialization - cancelling refresh attempt: org.springframework.beans.factory.BeanCreationException: Error creating bean with name 'shiroFilter' defined in class path resource [spring-shiro-web.xml]: Cannot resolve reference to bean 'securityManager' while setting bean property 'securityManager'; nested exception is org.springframework.beans.factory.BeanCreationException: Error creating bean with name 'securityManager' defined in class path resource [spring-shiro-web.xml]: Cannot resolve reference to bean 'userRealm' while setting bean property 'realm'; nested exception is org.springframework.beans.factory.BeanCreationException: Error creating bean with name 'userRealm' defined in class path resource [spring-shiro-web.xml]: Cannot resolve reference to bean 'userService' while setting bean property 'userService'; nested exception is org.springframework.beans.factory.UnsatisfiedDependencyException: Error creating bean with name 'userService': Unsatisfied dependency expressed through field 'baseRepository'; nested exception is org.springframework.beans.factory.BeanCreationException: Error creating bean with name 'resourceRepository': Could not resolve matching constructor (hint: specify index/type/name arguments for simple parameters to avoid type ambiguities)
11:05:26,671 DEBUG DefaultListableBeanFactory:512 - Destroying singletons in org.springframework.beans.factory.support.DefaultListableBeanFactory@115f99db: defining beans [configProperties,propertyConfigurer,baseService,dictService,orgService,passwordHelper,resourceService,roleService,userExcelService,userService,org.springframework.context.annotation.internalConfigurationAnnotationProcessor,org.springframework.context.annotation.internalAutowiredAnnotationProcessor,org.springframework.context.annotation.internalRequiredAnnotationProcessor,org.springframework.context.annotation.internalCommonAnnotationProcessor,org.springframework.context.annotation.internalPersistenceAnnotationProcessor,org.springframework.context.event.internalEventListenerProcessor,org.springframework.context.event.internalEventListenerFactory,dataSource,entityManagerFactory,transactionManager,org.springframework.data.jpa.repository.config.JpaRepositoryConfigExtension#0,foo,jpaMappingContext,resourceRepositoryImpl,resourceRepository,roleRepositoryImpl,roleRepository,userRepositoryImpl,userRepository,org.springframework.transaction.config.internalTransactionalEventListenerFactory,org.springframework.aop.config.internalAutoProxyCreator,org.springframework.transaction.annotation.AnnotationTransactionAttributeSource#0,org.springframework.transaction.interceptor.TransactionInterceptor#0,org.springframework.transaction.config.internalTransactionAdvisor,cacheManager,credentialsMatcher,userRealm,sessionIdGenerator,sessionIdCookie,rememberMeCookie,sessionDAO,sessionValidationScheduler,sessionManager,rememberMeManager,securityManager,org.springframework.beans.factory.config.MethodInvokingFactoryBean#0,formAuthenticationFilter,monitorFilter,shiroFilter,lifecycleBeanPostProcessor,org.springframework.orm.jpa.SharedEntityManagerCreator#0]; root of factory hierarchy
]]></system-out>
  <system-err><![CDATA[]]></system-err>
</testsuite>
